<?xml version="1.0" encoding="utf-8" standalone="no"?>
<!--This file represents the results of running a test suite-->
<test-results name="D:\Test\iBatisDemo\Test\bin\Debug\Test.dll" total="1" errors="0" failures="0" not-run="0" inconclusive="0" ignored="0" skipped="0" invalid="0" date="2011-01-30" time="19:49:58">
  <environment nunit-version="2.5.3.9345" clr-version="2.0.50727.3053" os-version="Microsoft Windows NT 5.1.2600 Service Pack 2" platform="Win32NT" cwd="D:\Test\iBatisDemo\Test\bin\Debug" machine-name="BRUCELEE" user="bruce" user-domain="BRUCELEE" />
  <culture-info current-culture="zh-CN" current-uiculture="zh-CN" />
  <test-suite name="D:\Test\iBatisDemo\Test\bin\Debug\Test.dll" executed="True" success="True" time="1.984" asserts="0">
    <results>
      <test-suite name="Test" executed="True" success="True" time="1.953" asserts="0">
        <results>
          <test-suite name="CustomTest" executed="True" success="True" time="1.953" asserts="0">
            <results>
              <test-case name="Test.CustomTest.DeleteTest" executed="True" success="True" time="1.953" asserts="2" />
            </results>
          </test-suite>
        </results>
      </test-suite>
    </results>
  </test-suite>
</test-results>